{
  "stats": {
    "suites": 3,
    "tests": 11,
    "passes": 11,
    "pending": 0,
    "failures": 0,
    "start": "2021-04-29T14:07:48.887Z",
    "end": "2021-04-29T14:17:03.723Z",
    "duration": 98781,
    "testsRegistered": 11,
    "passPercent": 100,
    "pendingPercent": 0,
    "other": 0,
    "hasOther": false,
    "skipped": 0,
    "hasSkipped": false
  },
  "results": [
    {
      "uuid": "d85fdc52-ee8c-4ffd-8a45-d07817afa627",
      "title": "",
      "fullFile": "cypress/integration/page-objects.spec.js",
      "file": "cypress/integration/page-objects.spec.js",
      "beforeHooks": [],
      "afterHooks": [],
      "tests": [],
      "suites": [
        {
          "uuid": "de7472d2-ada0-46d4-9318-165459d4a5c8",
          "title": " page-objects",
          "fullFile": "",
          "file": "",
          "beforeHooks": [],
          "afterHooks": [],
          "tests": [
            {
              "title": "create client and verify",
              "fullTitle": " page-objects create client and verify",
              "timedOut": null,
              "duration": 10575,
              "state": "passed",
              "speed": "slow",
              "pass": true,
              "fail": false,
              "pending": false,
              "context": null,
              "code": "dashboardPage.viewclients(\"Clients\");\nclientsPage.viewClientNew(\"New Client\");\nnewclientPage.createClient(randomName, randomMail, randomPhone, \"Clients\");\nclientsPage.verifyLastClient(randomName, randomMail, randomPhone);\ndashboardPage.logoutUser(\"Login\");",
              "err": {},
              "uuid": "72e35d7b-b355-4658-8e0a-877c00740c85",
              "parentUUID": "de7472d2-ada0-46d4-9318-165459d4a5c8",
              "isHook": false,
              "skipped": false
            },
            {
              "title": "View Room ",
              "fullTitle": " page-objects View Room ",
              "timedOut": null,
              "duration": 6879,
              "state": "passed",
              "speed": "slow",
              "pass": true,
              "fail": false,
              "pending": false,
              "context": null,
              "code": "dashboardPage.viewRoom(\"Room\");\nroomPage.viewRoom(\"New Room\");\nnewRoomPage.createRoom(\"double\", \"101\", \"1\", \"checked\", randomPrice, \"balcony\", \"Rooms\");\ndashboardPage.logoutUser(\"Login\");",
              "err": {},
              "uuid": "9685fed5-7798-48fb-826d-8cbb16101173",
              "parentUUID": "de7472d2-ada0-46d4-9318-165459d4a5c8",
              "isHook": false,
              "skipped": false
            },
            {
              "title": "view bills page",
              "fullTitle": " page-objects view bills page",
              "timedOut": null,
              "duration": 4585,
              "state": "passed",
              "speed": "slow",
              "pass": true,
              "fail": false,
              "pending": false,
              "context": null,
              "code": "dashboardPage.viewBills(\"Bill\");\nbillsPage.viewBills(\"New Bill\");\nnewBillPage.createBill(randomPrice, \"checked\", \"Bills\");\ndashboardPage.logoutUser(\"Login\");",
              "err": {},
              "uuid": "14a9e9a9-9910-410a-9efc-63c914f4adbe",
              "parentUUID": "de7472d2-ada0-46d4-9318-165459d4a5c8",
              "isHook": false,
              "skipped": false
            },
            {
              "title": "view Reservations page ",
              "fullTitle": " page-objects view Reservations page ",
              "timedOut": null,
              "duration": 8809,
              "state": "passed",
              "speed": "slow",
              "pass": true,
              "fail": false,
              "pending": false,
              "context": null,
              "code": "dashboardPage.viewReservations(\"Reservations\");\nreservationsPage.viewReservations(\"New Reservation\");\nnewReservationPage.createReservation(\"2020-04-01\", \"2020-04-04\", \"Jonas Hellman (#1)\", \"Floor 1, Room 102\", \"1\", \"Reservations\");\ndashboardPage.logoutUser(\"Login\");",
              "err": {},
              "uuid": "a5396538-6dea-4447-b2d9-23a037a8447b",
              "parentUUID": "de7472d2-ada0-46d4-9318-165459d4a5c8",
              "isHook": false,
              "skipped": false
            },
            {
              "title": "delete last room",
              "fullTitle": " page-objects delete last room",
              "timedOut": null,
              "duration": 4890,
              "state": "passed",
              "speed": "slow",
              "pass": true,
              "fail": false,
              "pending": false,
              "context": null,
              "code": "dashboardPage.viewRoom(\"Rooms\");\ndeleteRoomPage.deleteLastRoom();\ndashboardPage.logoutUser(\"Login\");",
              "err": {},
              "uuid": "5a3a242c-757a-4f63-8f7d-a07d882f606c",
              "parentUUID": "de7472d2-ada0-46d4-9318-165459d4a5c8",
              "isHook": false,
              "skipped": false
            }
          ],
          "suites": [],
          "passes": [
            "72e35d7b-b355-4658-8e0a-877c00740c85",
            "9685fed5-7798-48fb-826d-8cbb16101173",
            "14a9e9a9-9910-410a-9efc-63c914f4adbe",
            "a5396538-6dea-4447-b2d9-23a037a8447b",
            "5a3a242c-757a-4f63-8f7d-a07d882f606c"
          ],
          "failures": [],
          "pending": [],
          "skipped": [],
          "duration": 35738,
          "root": false,
          "rootEmpty": false,
          "_timeout": 2000
        }
      ],
      "passes": [],
      "failures": [],
      "pending": [],
      "skipped": [],
      "duration": 0,
      "root": true,
      "rootEmpty": true,
      "_timeout": 2000
    },
    {
      "uuid": "c0d0da3c-8d6e-4b02-a4be-544f6dc63a46",
      "title": "",
      "fullFile": "cypress/integration/page-objects.spec.js",
      "file": "cypress/integration/page-objects.spec.js",
      "beforeHooks": [],
      "afterHooks": [],
      "tests": [],
      "suites": [
        {
          "uuid": "cb741720-e8fb-4dcc-b846-da874fe1f850",
          "title": " page-objects",
          "fullFile": "",
          "file": "",
          "beforeHooks": [],
          "afterHooks": [],
          "tests": [
            {
              "title": "create client and verify",
              "fullTitle": " page-objects create client and verify",
              "timedOut": null,
              "duration": 14826,
              "state": "passed",
              "speed": "slow",
              "pass": true,
              "fail": false,
              "pending": false,
              "context": null,
              "code": "dashboardPage.viewclients(\"Clients\");\nclientsPage.viewClientNew(\"New Client\");\nnewclientPage.createClient(randomName, randomMail, randomPhone, \"Clients\");\nclientsPage.verifyLastClient(randomName, randomMail, randomPhone);\ndashboardPage.logoutUser(\"Login\");",
              "err": {},
              "uuid": "2c1faa0f-e99d-40d0-b903-ed2d4bec115c",
              "parentUUID": "cb741720-e8fb-4dcc-b846-da874fe1f850",
              "isHook": false,
              "skipped": false
            },
            {
              "title": "View Room ",
              "fullTitle": " page-objects View Room ",
              "timedOut": null,
              "duration": 11268,
              "state": "passed",
              "speed": "slow",
              "pass": true,
              "fail": false,
              "pending": false,
              "context": null,
              "code": "dashboardPage.viewRoom(\"Room\");\nroomPage.viewRoom(\"New Room\");\nnewRoomPage.createRoom(\"double\", \"101\", \"1\", \"checked\", randomPrice, \"balcony\", \"Rooms\");\ndashboardPage.logoutUser(\"Login\");",
              "err": {},
              "uuid": "abaff48a-2375-41d1-abe7-b9aea903ac90",
              "parentUUID": "cb741720-e8fb-4dcc-b846-da874fe1f850",
              "isHook": false,
              "skipped": false
            },
            {
              "title": "view bills page",
              "fullTitle": " page-objects view bills page",
              "timedOut": null,
              "duration": 10930,
              "state": "passed",
              "speed": "slow",
              "pass": true,
              "fail": false,
              "pending": false,
              "context": null,
              "code": "dashboardPage.viewBills(\"Bill\");\nbillsPage.viewBills(\"New Bill\");\nnewBillPage.createBill(randomPrice, \"checked\", \"Bills\");\ndashboardPage.logoutUser(\"Login\");",
              "err": {},
              "uuid": "111faf09-9eb3-48a5-9d43-5f68aad64af9",
              "parentUUID": "cb741720-e8fb-4dcc-b846-da874fe1f850",
              "isHook": false,
              "skipped": false
            },
            {
              "title": "view Reservations page ",
              "fullTitle": " page-objects view Reservations page ",
              "timedOut": null,
              "duration": 10856,
              "state": "passed",
              "speed": "slow",
              "pass": true,
              "fail": false,
              "pending": false,
              "context": null,
              "code": "dashboardPage.viewReservations(\"Reservations\");\nreservationsPage.viewReservations(\"New Reservation\");\nnewReservationPage.createReservation(\"2020-04-01\", \"2020-04-04\", \"Jonas Hellman (#1)\", \"Floor 1, Room 102\", \"1\", \"Reservations\");\ndashboardPage.logoutUser(\"Login\");",
              "err": {},
              "uuid": "1945884d-0d13-47dc-896b-dafb774fb0cc",
              "parentUUID": "cb741720-e8fb-4dcc-b846-da874fe1f850",
              "isHook": false,
              "skipped": false
            },
            {
              "title": "delete last room",
              "fullTitle": " page-objects delete last room",
              "timedOut": null,
              "duration": 7676,
              "state": "passed",
              "speed": "slow",
              "pass": true,
              "fail": false,
              "pending": false,
              "context": null,
              "code": "dashboardPage.viewRoom(\"Rooms\");\ndeleteRoomPage.deleteLastRoom();\ndashboardPage.logoutUser(\"Login\");",
              "err": {},
              "uuid": "2644f471-8210-46f0-a136-3bd1eec0e382",
              "parentUUID": "cb741720-e8fb-4dcc-b846-da874fe1f850",
              "isHook": false,
              "skipped": false
            }
          ],
          "suites": [],
          "passes": [
            "2c1faa0f-e99d-40d0-b903-ed2d4bec115c",
            "abaff48a-2375-41d1-abe7-b9aea903ac90",
            "111faf09-9eb3-48a5-9d43-5f68aad64af9",
            "1945884d-0d13-47dc-896b-dafb774fb0cc",
            "2644f471-8210-46f0-a136-3bd1eec0e382"
          ],
          "failures": [],
          "pending": [],
          "skipped": [],
          "duration": 55556,
          "root": false,
          "rootEmpty": false,
          "_timeout": 2000
        }
      ],
      "passes": [],
      "failures": [],
      "pending": [],
      "skipped": [],
      "duration": 0,
      "root": true,
      "rootEmpty": true,
      "_timeout": 2000
    },
    {
      "uuid": "9c412e2a-f40f-4e0e-986a-007160400eb4",
      "title": "",
      "fullFile": "cypress/integration/login.spec.js",
      "file": "cypress/integration/login.spec.js",
      "beforeHooks": [],
      "afterHooks": [],
      "tests": [],
      "suites": [
        {
          "uuid": "de5c8f5b-4f68-42b2-8e1a-eb079e7875aa",
          "title": "First example",
          "fullFile": "",
          "file": "",
          "beforeHooks": [],
          "afterHooks": [],
          "tests": [
            {
              "title": "Test case 1",
              "fullTitle": "First example Test case 1",
              "timedOut": null,
              "duration": 7487,
              "state": "passed",
              "speed": "slow",
              "pass": true,
              "fail": false,
              "pending": false,
              "context": null,
              "code": "cy.visit('http://localhost:3000/login');\ncy.title().should('eq', 'Testers Hotel');\ncy.contains('Login');\ncy.get(':nth-child(1) > input').type('tester01');\ncy.get(':nth-child(2) > input').type('GteteqbQQgSr88SwNExUQv2ydb7xuf8c');\ncy.get('.btn').click();\ncy.contains('Welcome tester01');\ncy.get('.user > .btn').click();\ncy.contains('Login');",
              "err": {},
              "uuid": "e519d54d-a2d4-4adf-b7c5-69e300d385e3",
              "parentUUID": "de5c8f5b-4f68-42b2-8e1a-eb079e7875aa",
              "isHook": false,
              "skipped": false
            }
          ],
          "suites": [],
          "passes": [
            "e519d54d-a2d4-4adf-b7c5-69e300d385e3"
          ],
          "failures": [],
          "pending": [],
          "skipped": [],
          "duration": 7487,
          "root": false,
          "rootEmpty": false,
          "_timeout": 2000
        }
      ],
      "passes": [],
      "failures": [],
      "pending": [],
      "skipped": [],
      "duration": 0,
      "root": true,
      "rootEmpty": true,
      "_timeout": 2000
    }
  ],
  "meta": {
    "mocha": {
      "version": "7.0.1"
    },
    "mochawesome": {
      "options": {
        "quiet": false,
        "reportFilename": "mochawesome",
        "saveHtml": false,
        "saveJson": true,
        "consoleReporter": "spec",
        "useInlineDiffs": false,
        "code": true
      },
      "version": "6.2.2"
    },
    "marge": {
      "options": {
        "reportDir": "cypress/results",
        "overwrite": false,
        "html": false,
        "json": true
      },
      "version": "5.2.0"
    }
  }
}