{
  "stats": {
    "suites": 1,
    "tests": 5,
    "passes": 4,
    "pending": 0,
    "failures": 1,
    "start": "2021-04-30T17:35:19.046Z",
    "end": "2021-04-30T17:35:56.182Z",
    "duration": 37136,
    "testsRegistered": 5,
    "passPercent": 80,
    "pendingPercent": 0,
    "other": 0,
    "hasOther": false,
    "skipped": 0,
    "hasSkipped": false
  },
  "results": [
    {
      "uuid": "959af209-5c9e-40ec-b5e7-279bdcee42e9",
      "title": "",
      "fullFile": "cypress/integration/page-objects.spec.js",
      "file": "cypress/integration/page-objects.spec.js",
      "beforeHooks": [],
      "afterHooks": [],
      "tests": [],
      "suites": [
        {
          "uuid": "145615c8-2e42-451f-b4e1-f429da738d98",
          "title": " page-objects",
          "fullFile": "",
          "file": "",
          "beforeHooks": [],
          "afterHooks": [],
          "tests": [
            {
              "title": "create client and verify",
              "fullTitle": " page-objects create client and verify",
              "timedOut": null,
              "duration": 8962,
              "state": "passed",
              "speed": "slow",
              "pass": true,
              "fail": false,
              "pending": false,
              "context": null,
              "code": "dashboardPage.viewclients(\"Clients\");\nclientsPage.viewClientNew(\"New Client\");\nnewclientPage.createClient(randomName, randomMail, randomPhone, \"Clients\");\nclientsPage.verifyLastClient(randomName, randomMail, randomPhone);\ndashboardPage.logoutUser(\"Login\");",
              "err": {},
              "uuid": "5292877c-e9c7-4689-9306-f08f13a4be98",
              "parentUUID": "145615c8-2e42-451f-b4e1-f429da738d98",
              "isHook": false,
              "skipped": false
            },
            {
              "title": "View Room ",
              "fullTitle": " page-objects View Room ",
              "timedOut": null,
              "duration": 6079,
              "state": "passed",
              "speed": "slow",
              "pass": true,
              "fail": false,
              "pending": false,
              "context": null,
              "code": "dashboardPage.viewRoom(\"Room\");\nroomPage.viewRoom(\"New Room\");\nnewRoomPage.createRoom(\"double\", \"101\", \"1\", \"checked\", randomPrice, \"balcony\", \"Rooms\");\ndashboardPage.logoutUser(\"Login\");",
              "err": {},
              "uuid": "33277142-1a07-4b0c-920b-15c109fb5ded",
              "parentUUID": "145615c8-2e42-451f-b4e1-f429da738d98",
              "isHook": false,
              "skipped": false
            },
            {
              "title": "view bills page",
              "fullTitle": " page-objects view bills page",
              "timedOut": null,
              "duration": 4883,
              "state": "passed",
              "speed": "slow",
              "pass": true,
              "fail": false,
              "pending": false,
              "context": null,
              "code": "dashboardPage.viewBills(\"Bill\");\nbillsPage.viewBills(\"New Bill\");\nnewBillPage.createBill(randomPrice, \"checked\", \"Bills\");\ndashboardPage.logoutUser(\"Login\");",
              "err": {},
              "uuid": "69efe686-6af5-401d-a198-a13fabdf8f94",
              "parentUUID": "145615c8-2e42-451f-b4e1-f429da738d98",
              "isHook": false,
              "skipped": false
            },
            {
              "title": "view Reservations page ",
              "fullTitle": " page-objects view Reservations page ",
              "timedOut": null,
              "duration": 11747,
              "state": "failed",
              "speed": null,
              "pass": false,
              "fail": true,
              "pending": false,
              "context": null,
              "code": "dashboardPage.viewReservations(\"Reservations\");\nreservationsPage.viewReservations(\"New Reservation\");\nnewReservationPage.createReservation(\"2020-04-01\", \"2020-04-04\", \"Jonas Hellman (#1)\", \"Floor 1, Room 102\", \"1\", \"Reservations\");\ndashboardPage.logoutUser(\"Login\");",
              "err": {
                "message": "AssertionError: Timed out retrying after 4000ms: Expected to find content: 'Reservations' but never did.",
                "estack": "AssertionError: Timed out retrying after 4000ms: Expected to find content: 'Reservations' but never did.\n    at Object.createReservation (http://localhost:3000/__cypress/tests?p=cypress/integration/page-objects.spec.js:512:6)\n    at Context.eval (http://localhost:3000/__cypress/tests?p=cypress/integration/page-objects.spec.js:259:24)",
                "diff": null
              },
              "uuid": "198fff77-08bb-49a2-978a-e1624ddcecec",
              "parentUUID": "145615c8-2e42-451f-b4e1-f429da738d98",
              "isHook": false,
              "skipped": false
            },
            {
              "title": "delete last room",
              "fullTitle": " page-objects delete last room",
              "timedOut": null,
              "duration": 4918,
              "state": "passed",
              "speed": "slow",
              "pass": true,
              "fail": false,
              "pending": false,
              "context": null,
              "code": "dashboardPage.viewRoom(\"Rooms\");\ndeleteRoomPage.deleteLastRoom();\ndashboardPage.logoutUser(\"Login\");",
              "err": {},
              "uuid": "f102652e-add5-45c1-b2d7-822cb1b5363f",
              "parentUUID": "145615c8-2e42-451f-b4e1-f429da738d98",
              "isHook": false,
              "skipped": false
            }
          ],
          "suites": [],
          "passes": [
            "5292877c-e9c7-4689-9306-f08f13a4be98",
            "33277142-1a07-4b0c-920b-15c109fb5ded",
            "69efe686-6af5-401d-a198-a13fabdf8f94",
            "f102652e-add5-45c1-b2d7-822cb1b5363f"
          ],
          "failures": [
            "198fff77-08bb-49a2-978a-e1624ddcecec"
          ],
          "pending": [],
          "skipped": [],
          "duration": 36589,
          "root": false,
          "rootEmpty": false,
          "_timeout": 2000
        }
      ],
      "passes": [],
      "failures": [],
      "pending": [],
      "skipped": [],
      "duration": 0,
      "root": true,
      "rootEmpty": true,
      "_timeout": 2000
    }
  ],
  "meta": {
    "mocha": {
      "version": "7.0.1"
    },
    "mochawesome": {
      "options": {
        "quiet": false,
        "reportFilename": "mochawesome",
        "saveHtml": false,
        "saveJson": true,
        "consoleReporter": "spec",
        "useInlineDiffs": false,
        "code": true
      },
      "version": "6.2.2"
    },
    "marge": {
      "options": {
        "reportDir": "cypress/results",
        "overwrite": false,
        "html": false,
        "json": true
      },
      "version": "5.2.0"
    }
  }
}