{
  "stats": {
    "suites": 1,
    "tests": 1,
    "passes": 1,
    "pending": 0,
    "failures": 0,
    "start": "2021-04-30T17:34:06.959Z",
    "end": "2021-04-30T17:34:21.915Z",
    "duration": 14956,
    "testsRegistered": 1,
    "passPercent": 100,
    "pendingPercent": 0,
    "other": 0,
    "hasOther": false,
    "skipped": 0,
    "hasSkipped": false
  },
  "results": [
    {
      "uuid": "7e803d56-6085-4aa5-8c26-d696d6a9fd1a",
      "title": "",
      "fullFile": "cypress/integration/hello-percy.spec.js",
      "file": "cypress/integration/hello-percy.spec.js",
      "beforeHooks": [],
      "afterHooks": [],
      "tests": [],
      "suites": [
        {
          "uuid": "2786bc84-f458-430e-b363-6c72522f8570",
          "title": "Visual Test",
          "fullFile": "",
          "file": "",
          "beforeHooks": [],
          "afterHooks": [],
          "tests": [
            {
              "title": "Test snapshot",
              "fullTitle": "Visual Test Test snapshot",
              "timedOut": null,
              "duration": 14662,
              "state": "passed",
              "speed": "slow",
              "pass": true,
              "fail": false,
              "pending": false,
              "context": null,
              "code": "cy.visit('http://localhost:3000/login');\ncy.title().should('eq', 'Testers Hotel');\ncy.contains('Login'); // ->> we are at index (login) page!!\ncy.log('At login page!');\ncy.percySnapshot('login-page');\ncy.get(':nth-child(1) > input').type('tester02');\ncy.get(':nth-child(2) > input').type('sppm7qncqmVft5uECkwjLcLdEJGzM3Cw');\ncy.get('.btn').click();\ncy.contains('Welcome tester02');\ncy.wait(3000); // ->> we are at dashboard page!\ncy.log('At dashboard page!');\ncy.percySnapshot('dashboard-page');\ncy.wait(3000); // ->>We are at client page !\ncy.log('At client page');\ncy.get('.blocks > :nth-child(2) > .btn').click();\ncy.percySnapshot('client-page');\ncy.wait(3000);",
              "err": {},
              "uuid": "a8d53800-6e2e-4e7a-bffa-8b9c474f7ddd",
              "parentUUID": "2786bc84-f458-430e-b363-6c72522f8570",
              "isHook": false,
              "skipped": false
            }
          ],
          "suites": [],
          "passes": [
            "a8d53800-6e2e-4e7a-bffa-8b9c474f7ddd"
          ],
          "failures": [],
          "pending": [],
          "skipped": [],
          "duration": 14662,
          "root": false,
          "rootEmpty": false,
          "_timeout": 2000
        }
      ],
      "passes": [],
      "failures": [],
      "pending": [],
      "skipped": [],
      "duration": 0,
      "root": true,
      "rootEmpty": true,
      "_timeout": 2000
    }
  ],
  "meta": {
    "mocha": {
      "version": "7.0.1"
    },
    "mochawesome": {
      "options": {
        "quiet": false,
        "reportFilename": "mochawesome",
        "saveHtml": false,
        "saveJson": true,
        "consoleReporter": "spec",
        "useInlineDiffs": false,
        "code": true
      },
      "version": "6.2.2"
    },
    "marge": {
      "options": {
        "reportDir": "cypress/results",
        "overwrite": false,
        "html": false,
        "json": true
      },
      "version": "5.2.0"
    }
  }
}